[debug] [2023-06-30T09:42:45.370Z] ----------------------------------------------------------------------
[debug] [2023-06-30T09:42:45.371Z] Command:       C:\Program Files\nodejs\node.exe C:\Users\CB\AppData\Roaming\npm\node_modules\firebase-tools\lib\bin\firebase.js deploy
[debug] [2023-06-30T09:42:45.372Z] CLI Version:   11.29.1
[debug] [2023-06-30T09:42:45.372Z] Platform:      win32
[debug] [2023-06-30T09:42:45.372Z] Node Version:  v18.15.0
[debug] [2023-06-30T09:42:45.373Z] Time:          Fri Jun 30 2023 15:42:45 GMT+0600 (Bangladesh Standard Time)
[debug] [2023-06-30T09:42:45.373Z] ----------------------------------------------------------------------
[debug] 
[debug] [2023-06-30T09:42:45.376Z] >>> [apiv2][query] GET https://firebase-public.firebaseio.com/cli.json [none]
[debug] [2023-06-30T09:42:45.487Z] > command requires scopes: ["email","openid","https://www.googleapis.com/auth/cloudplatformprojects.readonly","https://www.googleapis.com/auth/firebase","https://www.googleapis.com/auth/cloud-platform"]
[debug] [2023-06-30T09:42:45.487Z] > authorizing via signed-in user (ridoysharifbrmsrs@gmail.com)
[debug] [2023-06-30T09:42:45.488Z] [iam] checking project bistro-boss-restaurant for permissions ["firebase.projects.get","firebasehosting.sites.update"]
[debug] [2023-06-30T09:42:45.489Z] > refreshing access token with scopes: []
[debug] [2023-06-30T09:42:45.489Z] >>> [apiv2][query] POST https://www.googleapis.com/oauth2/v3/token [none]
[debug] [2023-06-30T09:42:45.489Z] >>> [apiv2][body] POST https://www.googleapis.com/oauth2/v3/token [omitted]
[debug] [2023-06-30T09:42:46.047Z] <<< [apiv2][status] POST https://www.googleapis.com/oauth2/v3/token 200
[debug] [2023-06-30T09:42:46.048Z] <<< [apiv2][body] POST https://www.googleapis.com/oauth2/v3/token [omitted]
[debug] [2023-06-30T09:42:46.062Z] >>> [apiv2][query] POST https://cloudresourcemanager.googleapis.com/v1/projects/bistro-boss-restaurant:testIamPermissions [none]
[debug] [2023-06-30T09:42:46.062Z] >>> [apiv2][(partial)header] POST https://cloudresourcemanager.googleapis.com/v1/projects/bistro-boss-restaurant:testIamPermissions x-goog-quota-user=projects/bistro-boss-restaurant
[debug] [2023-06-30T09:42:46.062Z] >>> [apiv2][body] POST https://cloudresourcemanager.googleapis.com/v1/projects/bistro-boss-restaurant:testIamPermissions {"permissions":["firebase.projects.get","firebasehosting.sites.update"]}
[debug] [2023-06-30T09:42:46.392Z] <<< [apiv2][status] GET https://firebase-public.firebaseio.com/cli.json 200
[debug] [2023-06-30T09:42:46.392Z] <<< [apiv2][body] GET https://firebase-public.firebaseio.com/cli.json {"cloudBuildErrorAfter":1594252800000,"cloudBuildWarnAfter":1590019200000,"defaultNode10After":1594252800000,"minVersion":"3.0.5","node8DeploysDisabledAfter":1613390400000,"node8RuntimeDisabledAfter":1615809600000,"node8WarnAfter":1600128000000}
[debug] [2023-06-30T09:42:47.342Z] <<< [apiv2][status] POST https://cloudresourcemanager.googleapis.com/v1/projects/bistro-boss-restaurant:testIamPermissions 200
[debug] [2023-06-30T09:42:47.343Z] <<< [apiv2][body] POST https://cloudresourcemanager.googleapis.com/v1/projects/bistro-boss-restaurant:testIamPermissions {"permissions":["firebase.projects.get","firebasehosting.sites.update"]}
[debug] [2023-06-30T09:42:47.347Z] >>> [apiv2][query] GET https://firebase.googleapis.com/v1beta1/projects/bistro-boss-restaurant [none]
[debug] [2023-06-30T09:42:48.398Z] <<< [apiv2][status] GET https://firebase.googleapis.com/v1beta1/projects/bistro-boss-restaurant 200
[debug] [2023-06-30T09:42:48.399Z] <<< [apiv2][body] GET https://firebase.googleapis.com/v1beta1/projects/bistro-boss-restaurant {"projectId":"bistro-boss-restaurant","projectNumber":"519765746405","displayName":"bistro-boss-restaurant","name":"projects/bistro-boss-restaurant","resources":{"hostingSite":"bistro-boss-restaurant"},"state":"ACTIVE","etag":"1_b770411d-e6de-4c9e-80fc-6c7391cd975b"}
[info] 
[info] === Deploying to 'bistro-boss-restaurant'...
[info] 
[info] i  deploying hosting 
[debug] [2023-06-30T09:42:48.410Z] >>> [apiv2][query] POST https://firebasehosting.googleapis.com/v1beta1/projects/-/sites/bistro-boss-restaurant/versions [none]
[debug] [2023-06-30T09:42:48.410Z] >>> [apiv2][body] POST https://firebasehosting.googleapis.com/v1beta1/projects/-/sites/bistro-boss-restaurant/versions {"status":"CREATED","labels":{"deployment-tool":"cli-firebase"}}
[debug] [2023-06-30T09:42:50.145Z] <<< [apiv2][status] POST https://firebasehosting.googleapis.com/v1beta1/projects/-/sites/bistro-boss-restaurant/versions 200
[debug] [2023-06-30T09:42:50.146Z] <<< [apiv2][body] POST https://firebasehosting.googleapis.com/v1beta1/projects/-/sites/bistro-boss-restaurant/versions {"name":"projects/519765746405/sites/bistro-boss-restaurant/versions/a0d9fdd1bec6bd33","status":"CREATED","config":{},"labels":{"deployment-tool":"cli-firebase"}}
[info] i  hosting[bistro-boss-restaurant]: beginning deploy... 
[info] i  hosting[bistro-boss-restaurant]: found 29 files in build 
[debug] [2023-06-30T09:42:50.164Z] [hosting] uploading with 200 concurrency
[debug] [2023-06-30T09:42:50.899Z] [hosting] hash cache [YnVpbGQ] stored for 29 files
[debug] [2023-06-30T09:42:50.899Z] [hosting][hash queue][FINAL] {"max":726,"min":21,"avg":157.31034482758622,"active":0,"complete":29,"success":29,"errored":0,"retried":0,"total":29,"elapsed":732}
[debug] [2023-06-30T09:42:50.899Z] >>> [apiv2][query] POST https://firebasehosting.googleapis.com/v1beta1/projects/519765746405/sites/bistro-boss-restaurant/versions/a0d9fdd1bec6bd33:populateFiles [none]
[debug] [2023-06-30T09:42:50.899Z] >>> [apiv2][body] POST https://firebasehosting.googleapis.com/v1beta1/projects/519765746405/sites/bistro-boss-restaurant/versions/a0d9fdd1bec6bd33:populateFiles {"files":{"/asset-manifest.json":"35f7469b2467fd10fa204efbc39d264c8ff30d08334a8e2242d507d0d6b5fbed","/index.html":"07bf116b89bfec7eb2f7727ba505ac2717cd4d92d68e4733b1ab1d88e4476e8c","/static/js/main.744cf2e7.js.LICENSE.txt":"dc15fd73ed774ad1199291e5098651db7a4ce6f07075ac300b1fc80018905714","/static/css/main.fe08f93f.css.map":"6f716c1403fd20a90321c7cb5f919dcc430a9d2bc46eedda10aacc24a29fe9f7","/logo.png":"2607910a6d338e08e9e8bc9669e5eef01539b1a539ed099f163479bdeaff28cf","/static/media/slide3.b433e6993a813b4b8385.jpg":"e4afc0b950a56bb62c114404400a224201f79014e09d2e250fbc518e2de525c2","/static/media/slide4.55faf6862fa93c34ad1a.jpg":"a417d5db61985d8cd6e22f88ebd1e3ce3d68c38b445916f1e28f1e3edc39b71a","/static/css/main.fe08f93f.css":"93a627f3fc41c237dd6092428cba70075960147b5da59ceb6ddf430d7cc3c6f4","/static/media/slide2.08424c2372c9b8f092cc.jpg":"55a51251a043f88dd1d7134b47cff9389d1411d67fd414b24e428490e354b497","/static/media/slide1.84401312bc3c9214feec.jpg":"9fb983cb975be3a8236e0a889b8a526ce0151659344730c65790419ebe6b7563","/static/media/slide5.84401312bc3c9214feec.jpg":"9fb983cb975be3a8236e0a889b8a526ce0151659344730c65790419ebe6b7563","/static/media/authentication.be42b98c85a7a5e1155f.png":"51a631640208027dbbb002f9a2f13bd5b6d0c5e469e4442829f8e411e7174055","/static/media/authentication2.605fa55fc5acb786b036.png":"0aa0f95ca0ed6b24189db3513b01ce1eef0564b713172d710640667af1189883","/static/media/chef-service.f0b714e1205e32d6677f.jpg":"3d07e67ef046443701897c5aa2a3b476629f4bcc16cb134807582f23109bad41","/static/media/banner2.271fa69cc142d145b744.jpg":"e8c0e67c6a7f3b1bba0dafee34350fc91cbd251033c29490eaebce59925ee059","/static/media/featured.7dafa460ca9adf571144.jpg":"19f0a51ecc8500c80a755dc59aff8ab4539750a0342f88039a8b5389830058c7","/static/media/pizza-bg.ed269022c2a2fdc567f1.jpg":"a292aa93c46ab7cabaa8b064483b1ce4abb40bfe00a0173bf0550c88a6824699","/static/media/salad-bg.6911224fbbde30e4e07f.jpg":"b4f1144dad8147307fb924b278ca05e7cecb8cfb5c118858668dd3ae735b7d8e","/static/media/soup-bg.c8e19b62f81262dd0112.jpg":"84068a36f982c5d8928558cdb4f447b3d3ebaf50d06c1228edab57904323630a","/static/media/dessert-bg.9ba65480c1c9de2a9f32.jpeg":"e6ab133e94e993ed1795432be24ff794f4ec802569948382a8c12b8669415914","/static/media/banner3.a2dfd339788cfe6670c2.jpg":"4f983272662bb32979e150504010fed0e70aeb06e6261d1a671aafe39f4f8a79","/static/js/main.744cf2e7.js":"3b04c99d24efd1b8511368ba57d77392c992b81147cd8c5e595fb29617f830e3","/static/media/06.a7213ca8eecaac39aedf.png":"7c8e34b973ac5b52cba4a9e2b12d3facdbd7c3dd8443ad9284feb35b24a23a94","/static/media/04.cd97b6800472156e47ab.jpg":"7c7211c4daf4834a757a09093dd9ec5cc261d6db1d48d5da44a88d1c6c5af61f","/static/media/05.b53794de3ca407284f02.png":"b6c0aaf14950f0f91e1027b34f5d2d3117eed87aa9e1d9c7fb9f083d2081cfe7","/static/media/03.e95c9d150836a96001e4.png":"e613091ba4d8e5cea705dfce9eabe3dd5e98af5be4a512535dd3e39d154a80ea","/static/media/02.3bcde1297b11c6fa0704.jpg":"c8e16398e01ec2bca8e672e686526c0e7d86903aa4ea953fcafdf65575748acb","/static/js/main.744cf2e7.js.map":"1b854f5a472104bc08a2889d503fcdd098eef5b0be6ffaf569e0ffbaea0522be","/static/media/01.6cb0f51860ec040d7dd7.jpg":"b1a49da31cf29bb4bb77a72f8beae4b3540da21906143c48d49e31ed4390a118"}}
[debug] [2023-06-30T09:42:52.387Z] <<< [apiv2][status] POST https://firebasehosting.googleapis.com/v1beta1/projects/519765746405/sites/bistro-boss-restaurant/versions/a0d9fdd1bec6bd33:populateFiles 200
[debug] [2023-06-30T09:42:52.387Z] <<< [apiv2][body] POST https://firebasehosting.googleapis.com/v1beta1/projects/519765746405/sites/bistro-boss-restaurant/versions/a0d9fdd1bec6bd33:populateFiles {"uploadRequiredHashes":["0aa0f95ca0ed6b24189db3513b01ce1eef0564b713172d710640667af1189883","55a51251a043f88dd1d7134b47cff9389d1411d67fd414b24e428490e354b497","b1a49da31cf29bb4bb77a72f8beae4b3540da21906143c48d49e31ed4390a118","3b04c99d24efd1b8511368ba57d77392c992b81147cd8c5e595fb29617f830e3","1b854f5a472104bc08a2889d503fcdd098eef5b0be6ffaf569e0ffbaea0522be","19f0a51ecc8500c80a755dc59aff8ab4539750a0342f88039a8b5389830058c7","35f7469b2467fd10fa204efbc39d264c8ff30d08334a8e2242d507d0d6b5fbed","7c8e34b973ac5b52cba4a9e2b12d3facdbd7c3dd8443ad9284feb35b24a23a94","b4f1144dad8147307fb924b278ca05e7cecb8cfb5c118858668dd3ae735b7d8e","b6c0aaf14950f0f91e1027b34f5d2d3117eed87aa9e1d9c7fb9f083d2081cfe7","e6ab133e94e993ed1795432be24ff794f4ec802569948382a8c12b8669415914","e613091ba4d8e5cea705dfce9eabe3dd5e98af5be4a512535dd3e39d154a80ea","3d07e67ef046443701897c5aa2a3b476629f4bcc16cb134807582f23109bad41","51a631640208027dbbb002f9a2f13bd5b6d0c5e469e4442829f8e411e7174055","a292aa93c46ab7cabaa8b064483b1ce4abb40bfe00a0173bf0550c88a6824699","e4afc0b950a56bb62c114404400a224201f79014e09d2e250fbc518e2de525c2","c8e16398e01ec2bca8e672e686526c0e7d86903aa4ea953fcafdf65575748acb","e8c0e67c6a7f3b1bba0dafee34350fc91cbd251033c29490eaebce59925ee059","93a627f3fc41c237dd6092428cba70075960147b5da59ceb6ddf430d7cc3c6f4","4f983272662bb32979e150504010fed0e70aeb06e6261d1a671aafe39f4f8a79","2607910a6d338e08e9e8bc9669e5eef01539b1a539ed099f163479bdeaff28cf","84068a36f982c5d8928558cdb4f447b3d3ebaf50d06c1228edab57904323630a","6f716c1403fd20a90321c7cb5f919dcc430a9d2bc46eedda10aacc24a29fe9f7","7c7211c4daf4834a757a09093dd9ec5cc261d6db1d48d5da44a88d1c6c5af61f","dc15fd73ed774ad1199291e5098651db7a4ce6f07075ac300b1fc80018905714","9fb983cb975be3a8236e0a889b8a526ce0151659344730c65790419ebe6b7563","a417d5db61985d8cd6e22f88ebd1e3ce3d68c38b445916f1e28f1e3edc39b71a","07bf116b89bfec7eb2f7727ba505ac2717cd4d92d68e4733b1ab1d88e4476e8c"],"uploadUrl":"https://upload-firebasehosting.googleapis.com/upload/sites/bistro-boss-restaurant/versions/a0d9fdd1bec6bd33/files"}
[debug] [2023-06-30T09:42:52.395Z] >>> [apiv2][query] POST https://upload-firebasehosting.googleapis.com/upload/sites/bistro-boss-restaurant/versions/a0d9fdd1bec6bd33/files/0aa0f95ca0ed6b24189db3513b01ce1eef0564b713172d710640667af1189883 [none]
[debug] [2023-06-30T09:42:52.395Z] >>> [apiv2][body] POST https://upload-firebasehosting.googleapis.com/upload/sites/bistro-boss-restaurant/versions/a0d9fdd1bec6bd33/files/0aa0f95ca0ed6b24189db3513b01ce1eef0564b713172d710640667af1189883 [stream]
[debug] [2023-06-30T09:42:52.397Z] >>> [apiv2][query] POST https://upload-firebasehosting.googleapis.com/upload/sites/bistro-boss-restaurant/versions/a0d9fdd1bec6bd33/files/55a51251a043f88dd1d7134b47cff9389d1411d67fd414b24e428490e354b497 [none]
[debug] [2023-06-30T09:42:52.398Z] >>> [apiv2][body] POST https://upload-firebasehosting.googleapis.com/upload/sites/bistro-boss-restaurant/versions/a0d9fdd1bec6bd33/files/55a51251a043f88dd1d7134b47cff9389d1411d67fd414b24e428490e354b497 [stream]
[debug] [2023-06-30T09:42:52.399Z] >>> [apiv2][query] POST https://upload-firebasehosting.googleapis.com/upload/sites/bistro-boss-restaurant/versions/a0d9fdd1bec6bd33/files/b1a49da31cf29bb4bb77a72f8beae4b3540da21906143c48d49e31ed4390a118 [none]
[debug] [2023-06-30T09:42:52.399Z] >>> [apiv2][body] POST https://upload-firebasehosting.googleapis.com/upload/sites/bistro-boss-restaurant/versions/a0d9fdd1bec6bd33/files/b1a49da31cf29bb4bb77a72f8beae4b3540da21906143c48d49e31ed4390a118 [stream]
[debug] [2023-06-30T09:42:52.401Z] >>> [apiv2][query] POST https://upload-firebasehosting.googleapis.com/upload/sites/bistro-boss-restaurant/versions/a0d9fdd1bec6bd33/files/3b04c99d24efd1b8511368ba57d77392c992b81147cd8c5e595fb29617f830e3 [none]
[debug] [2023-06-30T09:42:52.401Z] >>> [apiv2][body] POST https://upload-firebasehosting.googleapis.com/upload/sites/bistro-boss-restaurant/versions/a0d9fdd1bec6bd33/files/3b04c99d24efd1b8511368ba57d77392c992b81147cd8c5e595fb29617f830e3 [stream]
[debug] [2023-06-30T09:42:52.402Z] >>> [apiv2][query] POST https://upload-firebasehosting.googleapis.com/upload/sites/bistro-boss-restaurant/versions/a0d9fdd1bec6bd33/files/1b854f5a472104bc08a2889d503fcdd098eef5b0be6ffaf569e0ffbaea0522be [none]
[debug] [2023-06-30T09:42:52.402Z] >>> [apiv2][body] POST https://upload-firebasehosting.googleapis.com/upload/sites/bistro-boss-restaurant/versions/a0d9fdd1bec6bd33/files/1b854f5a472104bc08a2889d503fcdd098eef5b0be6ffaf569e0ffbaea0522be [stream]
[debug] [2023-06-30T09:42:52.404Z] >>> [apiv2][query] POST https://upload-firebasehosting.googleapis.com/upload/sites/bistro-boss-restaurant/versions/a0d9fdd1bec6bd33/files/19f0a51ecc8500c80a755dc59aff8ab4539750a0342f88039a8b5389830058c7 [none]
[debug] [2023-06-30T09:42:52.404Z] >>> [apiv2][body] POST https://upload-firebasehosting.googleapis.com/upload/sites/bistro-boss-restaurant/versions/a0d9fdd1bec6bd33/files/19f0a51ecc8500c80a755dc59aff8ab4539750a0342f88039a8b5389830058c7 [stream]
[debug] [2023-06-30T09:42:52.405Z] >>> [apiv2][query] POST https://upload-firebasehosting.googleapis.com/upload/sites/bistro-boss-restaurant/versions/a0d9fdd1bec6bd33/files/35f7469b2467fd10fa204efbc39d264c8ff30d08334a8e2242d507d0d6b5fbed [none]
[debug] [2023-06-30T09:42:52.405Z] >>> [apiv2][body] POST https://upload-firebasehosting.googleapis.com/upload/sites/bistro-boss-restaurant/versions/a0d9fdd1bec6bd33/files/35f7469b2467fd10fa204efbc39d264c8ff30d08334a8e2242d507d0d6b5fbed [stream]
[debug] [2023-06-30T09:42:52.406Z] >>> [apiv2][query] POST https://upload-firebasehosting.googleapis.com/upload/sites/bistro-boss-restaurant/versions/a0d9fdd1bec6bd33/files/7c8e34b973ac5b52cba4a9e2b12d3facdbd7c3dd8443ad9284feb35b24a23a94 [none]
[debug] [2023-06-30T09:42:52.406Z] >>> [apiv2][body] POST https://upload-firebasehosting.googleapis.com/upload/sites/bistro-boss-restaurant/versions/a0d9fdd1bec6bd33/files/7c8e34b973ac5b52cba4a9e2b12d3facdbd7c3dd8443ad9284feb35b24a23a94 [stream]
[debug] [2023-06-30T09:42:52.407Z] >>> [apiv2][query] POST https://upload-firebasehosting.googleapis.com/upload/sites/bistro-boss-restaurant/versions/a0d9fdd1bec6bd33/files/b4f1144dad8147307fb924b278ca05e7cecb8cfb5c118858668dd3ae735b7d8e [none]
[debug] [2023-06-30T09:42:52.407Z] >>> [apiv2][body] POST https://upload-firebasehosting.googleapis.com/upload/sites/bistro-boss-restaurant/versions/a0d9fdd1bec6bd33/files/b4f1144dad8147307fb924b278ca05e7cecb8cfb5c118858668dd3ae735b7d8e [stream]
[debug] [2023-06-30T09:42:52.408Z] >>> [apiv2][query] POST https://upload-firebasehosting.googleapis.com/upload/sites/bistro-boss-restaurant/versions/a0d9fdd1bec6bd33/files/b6c0aaf14950f0f91e1027b34f5d2d3117eed87aa9e1d9c7fb9f083d2081cfe7 [none]
[debug] [2023-06-30T09:42:52.409Z] >>> [apiv2][body] POST https://upload-firebasehosting.googleapis.com/upload/sites/bistro-boss-restaurant/versions/a0d9fdd1bec6bd33/files/b6c0aaf14950f0f91e1027b34f5d2d3117eed87aa9e1d9c7fb9f083d2081cfe7 [stream]
[debug] [2023-06-30T09:42:52.409Z] >>> [apiv2][query] POST https://upload-firebasehosting.googleapis.com/upload/sites/bistro-boss-restaurant/versions/a0d9fdd1bec6bd33/files/e6ab133e94e993ed1795432be24ff794f4ec802569948382a8c12b8669415914 [none]
[debug] [2023-06-30T09:42:52.409Z] >>> [apiv2][body] POST https://upload-firebasehosting.googleapis.com/upload/sites/bistro-boss-restaurant/versions/a0d9fdd1bec6bd33/files/e6ab133e94e993ed1795432be24ff794f4ec802569948382a8c12b8669415914 [stream]
[debug] [2023-06-30T09:42:52.411Z] >>> [apiv2][query] POST https://upload-firebasehosting.googleapis.com/upload/sites/bistro-boss-restaurant/versions/a0d9fdd1bec6bd33/files/e613091ba4d8e5cea705dfce9eabe3dd5e98af5be4a512535dd3e39d154a80ea [none]
[debug] [2023-06-30T09:42:52.411Z] >>> [apiv2][body] POST https://upload-firebasehosting.googleapis.com/upload/sites/bistro-boss-restaurant/versions/a0d9fdd1bec6bd33/files/e613091ba4d8e5cea705dfce9eabe3dd5e98af5be4a512535dd3e39d154a80ea [stream]
[debug] [2023-06-30T09:42:52.412Z] >>> [apiv2][query] POST https://upload-firebasehosting.googleapis.com/upload/sites/bistro-boss-restaurant/versions/a0d9fdd1bec6bd33/files/3d07e67ef046443701897c5aa2a3b476629f4bcc16cb134807582f23109bad41 [none]
[debug] [2023-06-30T09:42:52.413Z] >>> [apiv2][body] POST https://upload-firebasehosting.googleapis.com/upload/sites/bistro-boss-restaurant/versions/a0d9fdd1bec6bd33/files/3d07e67ef046443701897c5aa2a3b476629f4bcc16cb134807582f23109bad41 [stream]
[debug] [2023-06-30T09:42:52.413Z] >>> [apiv2][query] POST https://upload-firebasehosting.googleapis.com/upload/sites/bistro-boss-restaurant/versions/a0d9fdd1bec6bd33/files/51a631640208027dbbb002f9a2f13bd5b6d0c5e469e4442829f8e411e7174055 [none]
[debug] [2023-06-30T09:42:52.413Z] >>> [apiv2][body] POST https://upload-firebasehosting.googleapis.com/upload/sites/bistro-boss-restaurant/versions/a0d9fdd1bec6bd33/files/51a631640208027dbbb002f9a2f13bd5b6d0c5e469e4442829f8e411e7174055 [stream]
[debug] [2023-06-30T09:42:52.414Z] >>> [apiv2][query] POST https://upload-firebasehosting.googleapis.com/upload/sites/bistro-boss-restaurant/versions/a0d9fdd1bec6bd33/files/a292aa93c46ab7cabaa8b064483b1ce4abb40bfe00a0173bf0550c88a6824699 [none]
[debug] [2023-06-30T09:42:52.414Z] >>> [apiv2][body] POST https://upload-firebasehosting.googleapis.com/upload/sites/bistro-boss-restaurant/versions/a0d9fdd1bec6bd33/files/a292aa93c46ab7cabaa8b064483b1ce4abb40bfe00a0173bf0550c88a6824699 [stream]
[debug] [2023-06-30T09:42:52.415Z] >>> [apiv2][query] POST https://upload-firebasehosting.googleapis.com/upload/sites/bistro-boss-restaurant/versions/a0d9fdd1bec6bd33/files/e4afc0b950a56bb62c114404400a224201f79014e09d2e250fbc518e2de525c2 [none]
[debug] [2023-06-30T09:42:52.415Z] >>> [apiv2][body] POST https://upload-firebasehosting.googleapis.com/upload/sites/bistro-boss-restaurant/versions/a0d9fdd1bec6bd33/files/e4afc0b950a56bb62c114404400a224201f79014e09d2e250fbc518e2de525c2 [stream]
[debug] [2023-06-30T09:42:52.416Z] >>> [apiv2][query] POST https://upload-firebasehosting.googleapis.com/upload/sites/bistro-boss-restaurant/versions/a0d9fdd1bec6bd33/files/c8e16398e01ec2bca8e672e686526c0e7d86903aa4ea953fcafdf65575748acb [none]
[debug] [2023-06-30T09:42:52.416Z] >>> [apiv2][body] POST https://upload-firebasehosting.googleapis.com/upload/sites/bistro-boss-restaurant/versions/a0d9fdd1bec6bd33/files/c8e16398e01ec2bca8e672e686526c0e7d86903aa4ea953fcafdf65575748acb [stream]
[debug] [2023-06-30T09:42:52.417Z] >>> [apiv2][query] POST https://upload-firebasehosting.googleapis.com/upload/sites/bistro-boss-restaurant/versions/a0d9fdd1bec6bd33/files/e8c0e67c6a7f3b1bba0dafee34350fc91cbd251033c29490eaebce59925ee059 [none]
[debug] [2023-06-30T09:42:52.417Z] >>> [apiv2][body] POST https://upload-firebasehosting.googleapis.com/upload/sites/bistro-boss-restaurant/versions/a0d9fdd1bec6bd33/files/e8c0e67c6a7f3b1bba0dafee34350fc91cbd251033c29490eaebce59925ee059 [stream]
[debug] [2023-06-30T09:42:52.417Z] >>> [apiv2][query] POST https://upload-firebasehosting.googleapis.com/upload/sites/bistro-boss-restaurant/versions/a0d9fdd1bec6bd33/files/93a627f3fc41c237dd6092428cba70075960147b5da59ceb6ddf430d7cc3c6f4 [none]
[debug] [2023-06-30T09:42:52.418Z] >>> [apiv2][body] POST https://upload-firebasehosting.googleapis.com/upload/sites/bistro-boss-restaurant/versions/a0d9fdd1bec6bd33/files/93a627f3fc41c237dd6092428cba70075960147b5da59ceb6ddf430d7cc3c6f4 [stream]
[debug] [2023-06-30T09:42:52.418Z] >>> [apiv2][query] POST https://upload-firebasehosting.googleapis.com/upload/sites/bistro-boss-restaurant/versions/a0d9fdd1bec6bd33/files/4f983272662bb32979e150504010fed0e70aeb06e6261d1a671aafe39f4f8a79 [none]
[debug] [2023-06-30T09:42:52.418Z] >>> [apiv2][body] POST https://upload-firebasehosting.googleapis.com/upload/sites/bistro-boss-restaurant/versions/a0d9fdd1bec6bd33/files/4f983272662bb32979e150504010fed0e70aeb06e6261d1a671aafe39f4f8a79 [stream]
[debug] [2023-06-30T09:42:52.419Z] >>> [apiv2][query] POST https://upload-firebasehosting.googleapis.com/upload/sites/bistro-boss-restaurant/versions/a0d9fdd1bec6bd33/files/2607910a6d338e08e9e8bc9669e5eef01539b1a539ed099f163479bdeaff28cf [none]
[debug] [2023-06-30T09:42:52.419Z] >>> [apiv2][body] POST https://upload-firebasehosting.googleapis.com/upload/sites/bistro-boss-restaurant/versions/a0d9fdd1bec6bd33/files/2607910a6d338e08e9e8bc9669e5eef01539b1a539ed099f163479bdeaff28cf [stream]
[debug] [2023-06-30T09:42:52.419Z] >>> [apiv2][query] POST https://upload-firebasehosting.googleapis.com/upload/sites/bistro-boss-restaurant/versions/a0d9fdd1bec6bd33/files/84068a36f982c5d8928558cdb4f447b3d3ebaf50d06c1228edab57904323630a [none]
[debug] [2023-06-30T09:42:52.419Z] >>> [apiv2][body] POST https://upload-firebasehosting.googleapis.com/upload/sites/bistro-boss-restaurant/versions/a0d9fdd1bec6bd33/files/84068a36f982c5d8928558cdb4f447b3d3ebaf50d06c1228edab57904323630a [stream]
[debug] [2023-06-30T09:42:52.420Z] >>> [apiv2][query] POST https://upload-firebasehosting.googleapis.com/upload/sites/bistro-boss-restaurant/versions/a0d9fdd1bec6bd33/files/6f716c1403fd20a90321c7cb5f919dcc430a9d2bc46eedda10aacc24a29fe9f7 [none]
[debug] [2023-06-30T09:42:52.420Z] >>> [apiv2][body] POST https://upload-firebasehosting.googleapis.com/upload/sites/bistro-boss-restaurant/versions/a0d9fdd1bec6bd33/files/6f716c1403fd20a90321c7cb5f919dcc430a9d2bc46eedda10aacc24a29fe9f7 [stream]
[debug] [2023-06-30T09:42:52.421Z] >>> [apiv2][query] POST https://upload-firebasehosting.googleapis.com/upload/sites/bistro-boss-restaurant/versions/a0d9fdd1bec6bd33/files/7c7211c4daf4834a757a09093dd9ec5cc261d6db1d48d5da44a88d1c6c5af61f [none]
[debug] [2023-06-30T09:42:52.421Z] >>> [apiv2][body] POST https://upload-firebasehosting.googleapis.com/upload/sites/bistro-boss-restaurant/versions/a0d9fdd1bec6bd33/files/7c7211c4daf4834a757a09093dd9ec5cc261d6db1d48d5da44a88d1c6c5af61f [stream]
[debug] [2023-06-30T09:42:52.421Z] >>> [apiv2][query] POST https://upload-firebasehosting.googleapis.com/upload/sites/bistro-boss-restaurant/versions/a0d9fdd1bec6bd33/files/dc15fd73ed774ad1199291e5098651db7a4ce6f07075ac300b1fc80018905714 [none]
[debug] [2023-06-30T09:42:52.421Z] >>> [apiv2][body] POST https://upload-firebasehosting.googleapis.com/upload/sites/bistro-boss-restaurant/versions/a0d9fdd1bec6bd33/files/dc15fd73ed774ad1199291e5098651db7a4ce6f07075ac300b1fc80018905714 [stream]
[debug] [2023-06-30T09:42:52.422Z] >>> [apiv2][query] POST https://upload-firebasehosting.googleapis.com/upload/sites/bistro-boss-restaurant/versions/a0d9fdd1bec6bd33/files/9fb983cb975be3a8236e0a889b8a526ce0151659344730c65790419ebe6b7563 [none]
[debug] [2023-06-30T09:42:52.422Z] >>> [apiv2][body] POST https://upload-firebasehosting.googleapis.com/upload/sites/bistro-boss-restaurant/versions/a0d9fdd1bec6bd33/files/9fb983cb975be3a8236e0a889b8a526ce0151659344730c65790419ebe6b7563 [stream]
[debug] [2023-06-30T09:42:52.423Z] >>> [apiv2][query] POST https://upload-firebasehosting.googleapis.com/upload/sites/bistro-boss-restaurant/versions/a0d9fdd1bec6bd33/files/a417d5db61985d8cd6e22f88ebd1e3ce3d68c38b445916f1e28f1e3edc39b71a [none]
[debug] [2023-06-30T09:42:52.423Z] >>> [apiv2][body] POST https://upload-firebasehosting.googleapis.com/upload/sites/bistro-boss-restaurant/versions/a0d9fdd1bec6bd33/files/a417d5db61985d8cd6e22f88ebd1e3ce3d68c38b445916f1e28f1e3edc39b71a [stream]
[debug] [2023-06-30T09:42:52.423Z] >>> [apiv2][query] POST https://upload-firebasehosting.googleapis.com/upload/sites/bistro-boss-restaurant/versions/a0d9fdd1bec6bd33/files/07bf116b89bfec7eb2f7727ba505ac2717cd4d92d68e4733b1ab1d88e4476e8c [none]
[debug] [2023-06-30T09:42:52.423Z] >>> [apiv2][body] POST https://upload-firebasehosting.googleapis.com/upload/sites/bistro-boss-restaurant/versions/a0d9fdd1bec6bd33/files/07bf116b89bfec7eb2f7727ba505ac2717cd4d92d68e4733b1ab1d88e4476e8c [stream]
[debug] [2023-06-30T09:42:52.424Z] [hosting][populate queue][FINAL] {"max":1497,"min":1497,"avg":1497,"active":0,"complete":1,"success":1,"errored":0,"retried":0,"total":1,"elapsed":1527}
[debug] [2023-06-30T09:42:52.424Z] [hosting] uploads queued: 28
[debug] [2023-06-30T09:42:55.179Z] <<< [apiv2][status] POST https://upload-firebasehosting.googleapis.com/upload/sites/bistro-boss-restaurant/versions/a0d9fdd1bec6bd33/files/6f716c1403fd20a90321c7cb5f919dcc430a9d2bc46eedda10aacc24a29fe9f7 200
[debug] [2023-06-30T09:42:55.179Z] <<< [apiv2][body] POST https://upload-firebasehosting.googleapis.com/upload/sites/bistro-boss-restaurant/versions/a0d9fdd1bec6bd33/files/6f716c1403fd20a90321c7cb5f919dcc430a9d2bc46eedda10aacc24a29fe9f7 [stream]
[debug] [2023-06-30T09:42:56.179Z] <<< [apiv2][status] POST https://upload-firebasehosting.googleapis.com/upload/sites/bistro-boss-restaurant/versions/a0d9fdd1bec6bd33/files/55a51251a043f88dd1d7134b47cff9389d1411d67fd414b24e428490e354b497 200
[debug] [2023-06-30T09:42:56.179Z] <<< [apiv2][body] POST https://upload-firebasehosting.googleapis.com/upload/sites/bistro-boss-restaurant/versions/a0d9fdd1bec6bd33/files/55a51251a043f88dd1d7134b47cff9389d1411d67fd414b24e428490e354b497 [stream]
[debug] [2023-06-30T09:42:56.409Z] <<< [apiv2][status] POST https://upload-firebasehosting.googleapis.com/upload/sites/bistro-boss-restaurant/versions/a0d9fdd1bec6bd33/files/2607910a6d338e08e9e8bc9669e5eef01539b1a539ed099f163479bdeaff28cf 200
[debug] [2023-06-30T09:42:56.410Z] <<< [apiv2][body] POST https://upload-firebasehosting.googleapis.com/upload/sites/bistro-boss-restaurant/versions/a0d9fdd1bec6bd33/files/2607910a6d338e08e9e8bc9669e5eef01539b1a539ed099f163479bdeaff28cf [stream]
[debug] [2023-06-30T09:42:56.564Z] <<< [apiv2][status] POST https://upload-firebasehosting.googleapis.com/upload/sites/bistro-boss-restaurant/versions/a0d9fdd1bec6bd33/files/e4afc0b950a56bb62c114404400a224201f79014e09d2e250fbc518e2de525c2 200
[debug] [2023-06-30T09:42:56.564Z] <<< [apiv2][body] POST https://upload-firebasehosting.googleapis.com/upload/sites/bistro-boss-restaurant/versions/a0d9fdd1bec6bd33/files/e4afc0b950a56bb62c114404400a224201f79014e09d2e250fbc518e2de525c2 [stream]
[debug] [2023-06-30T09:42:56.599Z] <<< [apiv2][status] POST https://upload-firebasehosting.googleapis.com/upload/sites/bistro-boss-restaurant/versions/a0d9fdd1bec6bd33/files/35f7469b2467fd10fa204efbc39d264c8ff30d08334a8e2242d507d0d6b5fbed 200
[debug] [2023-06-30T09:42:56.599Z] <<< [apiv2][body] POST https://upload-firebasehosting.googleapis.com/upload/sites/bistro-boss-restaurant/versions/a0d9fdd1bec6bd33/files/35f7469b2467fd10fa204efbc39d264c8ff30d08334a8e2242d507d0d6b5fbed [stream]
[debug] [2023-06-30T09:42:56.827Z] <<< [apiv2][status] POST https://upload-firebasehosting.googleapis.com/upload/sites/bistro-boss-restaurant/versions/a0d9fdd1bec6bd33/files/dc15fd73ed774ad1199291e5098651db7a4ce6f07075ac300b1fc80018905714 200
[debug] [2023-06-30T09:42:56.827Z] <<< [apiv2][body] POST https://upload-firebasehosting.googleapis.com/upload/sites/bistro-boss-restaurant/versions/a0d9fdd1bec6bd33/files/dc15fd73ed774ad1199291e5098651db7a4ce6f07075ac300b1fc80018905714 [stream]
[debug] [2023-06-30T09:42:57.396Z] <<< [apiv2][status] POST https://upload-firebasehosting.googleapis.com/upload/sites/bistro-boss-restaurant/versions/a0d9fdd1bec6bd33/files/07bf116b89bfec7eb2f7727ba505ac2717cd4d92d68e4733b1ab1d88e4476e8c 200
[debug] [2023-06-30T09:42:57.396Z] <<< [apiv2][body] POST https://upload-firebasehosting.googleapis.com/upload/sites/bistro-boss-restaurant/versions/a0d9fdd1bec6bd33/files/07bf116b89bfec7eb2f7727ba505ac2717cd4d92d68e4733b1ab1d88e4476e8c [stream]
[debug] [2023-06-30T09:42:57.686Z] <<< [apiv2][status] POST https://upload-firebasehosting.googleapis.com/upload/sites/bistro-boss-restaurant/versions/a0d9fdd1bec6bd33/files/93a627f3fc41c237dd6092428cba70075960147b5da59ceb6ddf430d7cc3c6f4 200
[debug] [2023-06-30T09:42:57.687Z] <<< [apiv2][body] POST https://upload-firebasehosting.googleapis.com/upload/sites/bistro-boss-restaurant/versions/a0d9fdd1bec6bd33/files/93a627f3fc41c237dd6092428cba70075960147b5da59ceb6ddf430d7cc3c6f4 [stream]
[debug] [2023-06-30T09:42:58.078Z] <<< [apiv2][status] POST https://upload-firebasehosting.googleapis.com/upload/sites/bistro-boss-restaurant/versions/a0d9fdd1bec6bd33/files/0aa0f95ca0ed6b24189db3513b01ce1eef0564b713172d710640667af1189883 200
[debug] [2023-06-30T09:42:58.078Z] <<< [apiv2][body] POST https://upload-firebasehosting.googleapis.com/upload/sites/bistro-boss-restaurant/versions/a0d9fdd1bec6bd33/files/0aa0f95ca0ed6b24189db3513b01ce1eef0564b713172d710640667af1189883 [stream]
[debug] [2023-06-30T09:42:58.284Z] <<< [apiv2][status] POST https://upload-firebasehosting.googleapis.com/upload/sites/bistro-boss-restaurant/versions/a0d9fdd1bec6bd33/files/a417d5db61985d8cd6e22f88ebd1e3ce3d68c38b445916f1e28f1e3edc39b71a 200
[debug] [2023-06-30T09:42:58.284Z] <<< [apiv2][body] POST https://upload-firebasehosting.googleapis.com/upload/sites/bistro-boss-restaurant/versions/a0d9fdd1bec6bd33/files/a417d5db61985d8cd6e22f88ebd1e3ce3d68c38b445916f1e28f1e3edc39b71a [stream]
[debug] [2023-06-30T09:43:00.266Z] <<< [apiv2][status] POST https://upload-firebasehosting.googleapis.com/upload/sites/bistro-boss-restaurant/versions/a0d9fdd1bec6bd33/files/9fb983cb975be3a8236e0a889b8a526ce0151659344730c65790419ebe6b7563 200
[debug] [2023-06-30T09:43:00.266Z] <<< [apiv2][body] POST https://upload-firebasehosting.googleapis.com/upload/sites/bistro-boss-restaurant/versions/a0d9fdd1bec6bd33/files/9fb983cb975be3a8236e0a889b8a526ce0151659344730c65790419ebe6b7563 [stream]
[debug] [2023-06-30T09:43:02.469Z] <<< [apiv2][status] POST https://upload-firebasehosting.googleapis.com/upload/sites/bistro-boss-restaurant/versions/a0d9fdd1bec6bd33/files/51a631640208027dbbb002f9a2f13bd5b6d0c5e469e4442829f8e411e7174055 200
[debug] [2023-06-30T09:43:02.469Z] <<< [apiv2][body] POST https://upload-firebasehosting.googleapis.com/upload/sites/bistro-boss-restaurant/versions/a0d9fdd1bec6bd33/files/51a631640208027dbbb002f9a2f13bd5b6d0c5e469e4442829f8e411e7174055 [stream]
[debug] [2023-06-30T09:43:05.752Z] <<< [apiv2][status] POST https://upload-firebasehosting.googleapis.com/upload/sites/bistro-boss-restaurant/versions/a0d9fdd1bec6bd33/files/3d07e67ef046443701897c5aa2a3b476629f4bcc16cb134807582f23109bad41 200
[debug] [2023-06-30T09:43:05.753Z] <<< [apiv2][body] POST https://upload-firebasehosting.googleapis.com/upload/sites/bistro-boss-restaurant/versions/a0d9fdd1bec6bd33/files/3d07e67ef046443701897c5aa2a3b476629f4bcc16cb134807582f23109bad41 [stream]
[debug] [2023-06-30T09:43:08.609Z] <<< [apiv2][status] POST https://upload-firebasehosting.googleapis.com/upload/sites/bistro-boss-restaurant/versions/a0d9fdd1bec6bd33/files/19f0a51ecc8500c80a755dc59aff8ab4539750a0342f88039a8b5389830058c7 200
[debug] [2023-06-30T09:43:08.609Z] <<< [apiv2][body] POST https://upload-firebasehosting.googleapis.com/upload/sites/bistro-boss-restaurant/versions/a0d9fdd1bec6bd33/files/19f0a51ecc8500c80a755dc59aff8ab4539750a0342f88039a8b5389830058c7 [stream]
[debug] [2023-06-30T09:43:10.275Z] <<< [apiv2][status] POST https://upload-firebasehosting.googleapis.com/upload/sites/bistro-boss-restaurant/versions/a0d9fdd1bec6bd33/files/e8c0e67c6a7f3b1bba0dafee34350fc91cbd251033c29490eaebce59925ee059 200
[debug] [2023-06-30T09:43:10.275Z] <<< [apiv2][body] POST https://upload-firebasehosting.googleapis.com/upload/sites/bistro-boss-restaurant/versions/a0d9fdd1bec6bd33/files/e8c0e67c6a7f3b1bba0dafee34350fc91cbd251033c29490eaebce59925ee059 [stream]
[debug] [2023-06-30T09:43:12.190Z] <<< [apiv2][status] POST https://upload-firebasehosting.googleapis.com/upload/sites/bistro-boss-restaurant/versions/a0d9fdd1bec6bd33/files/a292aa93c46ab7cabaa8b064483b1ce4abb40bfe00a0173bf0550c88a6824699 200
[debug] [2023-06-30T09:43:12.190Z] <<< [apiv2][body] POST https://upload-firebasehosting.googleapis.com/upload/sites/bistro-boss-restaurant/versions/a0d9fdd1bec6bd33/files/a292aa93c46ab7cabaa8b064483b1ce4abb40bfe00a0173bf0550c88a6824699 [stream]
[debug] [2023-06-30T09:43:12.538Z] <<< [apiv2][status] POST https://upload-firebasehosting.googleapis.com/upload/sites/bistro-boss-restaurant/versions/a0d9fdd1bec6bd33/files/e6ab133e94e993ed1795432be24ff794f4ec802569948382a8c12b8669415914 200
[debug] [2023-06-30T09:43:12.538Z] <<< [apiv2][body] POST https://upload-firebasehosting.googleapis.com/upload/sites/bistro-boss-restaurant/versions/a0d9fdd1bec6bd33/files/e6ab133e94e993ed1795432be24ff794f4ec802569948382a8c12b8669415914 [stream]
[debug] [2023-06-30T09:43:14.209Z] <<< [apiv2][status] POST https://upload-firebasehosting.googleapis.com/upload/sites/bistro-boss-restaurant/versions/a0d9fdd1bec6bd33/files/b4f1144dad8147307fb924b278ca05e7cecb8cfb5c118858668dd3ae735b7d8e 200
[debug] [2023-06-30T09:43:14.210Z] <<< [apiv2][body] POST https://upload-firebasehosting.googleapis.com/upload/sites/bistro-boss-restaurant/versions/a0d9fdd1bec6bd33/files/b4f1144dad8147307fb924b278ca05e7cecb8cfb5c118858668dd3ae735b7d8e [stream]
[debug] [2023-06-30T09:43:18.041Z] <<< [apiv2][status] POST https://upload-firebasehosting.googleapis.com/upload/sites/bistro-boss-restaurant/versions/a0d9fdd1bec6bd33/files/84068a36f982c5d8928558cdb4f447b3d3ebaf50d06c1228edab57904323630a 200
[debug] [2023-06-30T09:43:18.041Z] <<< [apiv2][body] POST https://upload-firebasehosting.googleapis.com/upload/sites/bistro-boss-restaurant/versions/a0d9fdd1bec6bd33/files/84068a36f982c5d8928558cdb4f447b3d3ebaf50d06c1228edab57904323630a [stream]
[debug] [2023-06-30T09:43:22.804Z] [uploadQueue] Retrying task 3b04c99d24efd1b8511368ba57d77392c992b81147cd8c5e595fb29617f830e3
[debug] [2023-06-30T09:43:22.807Z] >>> [apiv2][query] POST https://upload-firebasehosting.googleapis.com/upload/sites/bistro-boss-restaurant/versions/a0d9fdd1bec6bd33/files/3b04c99d24efd1b8511368ba57d77392c992b81147cd8c5e595fb29617f830e3 [none]
[debug] [2023-06-30T09:43:22.808Z] >>> [apiv2][body] POST https://upload-firebasehosting.googleapis.com/upload/sites/bistro-boss-restaurant/versions/a0d9fdd1bec6bd33/files/3b04c99d24efd1b8511368ba57d77392c992b81147cd8c5e595fb29617f830e3 [stream]
[debug] [2023-06-30T09:43:22.817Z] [uploadQueue] Retrying task 4f983272662bb32979e150504010fed0e70aeb06e6261d1a671aafe39f4f8a79
[debug] [2023-06-30T09:43:22.818Z] >>> [apiv2][query] POST https://upload-firebasehosting.googleapis.com/upload/sites/bistro-boss-restaurant/versions/a0d9fdd1bec6bd33/files/4f983272662bb32979e150504010fed0e70aeb06e6261d1a671aafe39f4f8a79 [none]
[debug] [2023-06-30T09:43:22.819Z] >>> [apiv2][body] POST https://upload-firebasehosting.googleapis.com/upload/sites/bistro-boss-restaurant/versions/a0d9fdd1bec6bd33/files/4f983272662bb32979e150504010fed0e70aeb06e6261d1a671aafe39f4f8a79 [stream]
[debug] [2023-06-30T09:43:46.547Z] [uploadQueue] Retrying task 7c8e34b973ac5b52cba4a9e2b12d3facdbd7c3dd8443ad9284feb35b24a23a94
[debug] [2023-06-30T09:43:46.548Z] >>> [apiv2][query] POST https://upload-firebasehosting.googleapis.com/upload/sites/bistro-boss-restaurant/versions/a0d9fdd1bec6bd33/files/7c8e34b973ac5b52cba4a9e2b12d3facdbd7c3dd8443ad9284feb35b24a23a94 [none]
[debug] [2023-06-30T09:43:46.548Z] >>> [apiv2][body] POST https://upload-firebasehosting.googleapis.com/upload/sites/bistro-boss-restaurant/versions/a0d9fdd1bec6bd33/files/7c8e34b973ac5b52cba4a9e2b12d3facdbd7c3dd8443ad9284feb35b24a23a94 [stream]
[debug] [2023-06-30T09:43:50.694Z] [uploadQueue] Retrying task b6c0aaf14950f0f91e1027b34f5d2d3117eed87aa9e1d9c7fb9f083d2081cfe7
[debug] [2023-06-30T09:43:50.695Z] >>> [apiv2][query] POST https://upload-firebasehosting.googleapis.com/upload/sites/bistro-boss-restaurant/versions/a0d9fdd1bec6bd33/files/b6c0aaf14950f0f91e1027b34f5d2d3117eed87aa9e1d9c7fb9f083d2081cfe7 [none]
[debug] [2023-06-30T09:43:50.695Z] >>> [apiv2][body] POST https://upload-firebasehosting.googleapis.com/upload/sites/bistro-boss-restaurant/versions/a0d9fdd1bec6bd33/files/b6c0aaf14950f0f91e1027b34f5d2d3117eed87aa9e1d9c7fb9f083d2081cfe7 [stream]
[debug] [2023-06-30T09:43:50.742Z] [uploadQueue] Retrying task 4f983272662bb32979e150504010fed0e70aeb06e6261d1a671aafe39f4f8a79
[debug] [2023-06-30T09:43:50.743Z] >>> [apiv2][query] POST https://upload-firebasehosting.googleapis.com/upload/sites/bistro-boss-restaurant/versions/a0d9fdd1bec6bd33/files/4f983272662bb32979e150504010fed0e70aeb06e6261d1a671aafe39f4f8a79 [none]
[debug] [2023-06-30T09:43:50.744Z] >>> [apiv2][body] POST https://upload-firebasehosting.googleapis.com/upload/sites/bistro-boss-restaurant/versions/a0d9fdd1bec6bd33/files/4f983272662bb32979e150504010fed0e70aeb06e6261d1a671aafe39f4f8a79 [stream]
[debug] [2023-06-30T09:43:50.750Z] [uploadQueue] Retrying task 3b04c99d24efd1b8511368ba57d77392c992b81147cd8c5e595fb29617f830e3
[debug] [2023-06-30T09:43:50.751Z] >>> [apiv2][query] POST https://upload-firebasehosting.googleapis.com/upload/sites/bistro-boss-restaurant/versions/a0d9fdd1bec6bd33/files/3b04c99d24efd1b8511368ba57d77392c992b81147cd8c5e595fb29617f830e3 [none]
[debug] [2023-06-30T09:43:50.752Z] >>> [apiv2][body] POST https://upload-firebasehosting.googleapis.com/upload/sites/bistro-boss-restaurant/versions/a0d9fdd1bec6bd33/files/3b04c99d24efd1b8511368ba57d77392c992b81147cd8c5e595fb29617f830e3 [stream]
[debug] [2023-06-30T09:43:53.634Z] [uploadQueue] Retrying task 7c7211c4daf4834a757a09093dd9ec5cc261d6db1d48d5da44a88d1c6c5af61f
[debug] [2023-06-30T09:43:53.635Z] >>> [apiv2][query] POST https://upload-firebasehosting.googleapis.com/upload/sites/bistro-boss-restaurant/versions/a0d9fdd1bec6bd33/files/7c7211c4daf4834a757a09093dd9ec5cc261d6db1d48d5da44a88d1c6c5af61f [none]
[debug] [2023-06-30T09:43:53.635Z] >>> [apiv2][body] POST https://upload-firebasehosting.googleapis.com/upload/sites/bistro-boss-restaurant/versions/a0d9fdd1bec6bd33/files/7c7211c4daf4834a757a09093dd9ec5cc261d6db1d48d5da44a88d1c6c5af61f [stream]
[debug] [2023-06-30T09:43:59.115Z] [uploadQueue] Retrying task e613091ba4d8e5cea705dfce9eabe3dd5e98af5be4a512535dd3e39d154a80ea
[debug] [2023-06-30T09:43:59.116Z] >>> [apiv2][query] POST https://upload-firebasehosting.googleapis.com/upload/sites/bistro-boss-restaurant/versions/a0d9fdd1bec6bd33/files/e613091ba4d8e5cea705dfce9eabe3dd5e98af5be4a512535dd3e39d154a80ea [none]
[debug] [2023-06-30T09:43:59.116Z] >>> [apiv2][body] POST https://upload-firebasehosting.googleapis.com/upload/sites/bistro-boss-restaurant/versions/a0d9fdd1bec6bd33/files/e613091ba4d8e5cea705dfce9eabe3dd5e98af5be4a512535dd3e39d154a80ea [stream]
[debug] [2023-06-30T09:44:04.520Z] <<< [apiv2][status] POST https://upload-firebasehosting.googleapis.com/upload/sites/bistro-boss-restaurant/versions/a0d9fdd1bec6bd33/files/b1a49da31cf29bb4bb77a72f8beae4b3540da21906143c48d49e31ed4390a118 200
[debug] [2023-06-30T09:44:04.520Z] <<< [apiv2][body] POST https://upload-firebasehosting.googleapis.com/upload/sites/bistro-boss-restaurant/versions/a0d9fdd1bec6bd33/files/b1a49da31cf29bb4bb77a72f8beae4b3540da21906143c48d49e31ed4390a118 [stream]
[debug] [2023-06-30T09:44:08.912Z] [uploadQueue] Retrying task 7c8e34b973ac5b52cba4a9e2b12d3facdbd7c3dd8443ad9284feb35b24a23a94
[debug] [2023-06-30T09:44:08.912Z] >>> [apiv2][query] POST https://upload-firebasehosting.googleapis.com/upload/sites/bistro-boss-restaurant/versions/a0d9fdd1bec6bd33/files/7c8e34b973ac5b52cba4a9e2b12d3facdbd7c3dd8443ad9284feb35b24a23a94 [none]
[debug] [2023-06-30T09:44:08.912Z] >>> [apiv2][body] POST https://upload-firebasehosting.googleapis.com/upload/sites/bistro-boss-restaurant/versions/a0d9fdd1bec6bd33/files/7c8e34b973ac5b52cba4a9e2b12d3facdbd7c3dd8443ad9284feb35b24a23a94 [stream]
[debug] [2023-06-30T09:44:09.458Z] [uploadQueue] Retrying task b6c0aaf14950f0f91e1027b34f5d2d3117eed87aa9e1d9c7fb9f083d2081cfe7
[debug] [2023-06-30T09:44:09.458Z] >>> [apiv2][query] POST https://upload-firebasehosting.googleapis.com/upload/sites/bistro-boss-restaurant/versions/a0d9fdd1bec6bd33/files/b6c0aaf14950f0f91e1027b34f5d2d3117eed87aa9e1d9c7fb9f083d2081cfe7 [none]
[debug] [2023-06-30T09:44:09.458Z] >>> [apiv2][body] POST https://upload-firebasehosting.googleapis.com/upload/sites/bistro-boss-restaurant/versions/a0d9fdd1bec6bd33/files/b6c0aaf14950f0f91e1027b34f5d2d3117eed87aa9e1d9c7fb9f083d2081cfe7 [stream]
[debug] [2023-06-30T09:44:10.239Z] [uploadQueue] Retrying task 3b04c99d24efd1b8511368ba57d77392c992b81147cd8c5e595fb29617f830e3
[debug] [2023-06-30T09:44:10.240Z] >>> [apiv2][query] POST https://upload-firebasehosting.googleapis.com/upload/sites/bistro-boss-restaurant/versions/a0d9fdd1bec6bd33/files/3b04c99d24efd1b8511368ba57d77392c992b81147cd8c5e595fb29617f830e3 [none]
[debug] [2023-06-30T09:44:10.240Z] >>> [apiv2][body] POST https://upload-firebasehosting.googleapis.com/upload/sites/bistro-boss-restaurant/versions/a0d9fdd1bec6bd33/files/3b04c99d24efd1b8511368ba57d77392c992b81147cd8c5e595fb29617f830e3 [stream]
[debug] [2023-06-30T09:44:10.243Z] [uploadQueue] Retrying task 4f983272662bb32979e150504010fed0e70aeb06e6261d1a671aafe39f4f8a79
[debug] [2023-06-30T09:44:10.244Z] >>> [apiv2][query] POST https://upload-firebasehosting.googleapis.com/upload/sites/bistro-boss-restaurant/versions/a0d9fdd1bec6bd33/files/4f983272662bb32979e150504010fed0e70aeb06e6261d1a671aafe39f4f8a79 [none]
[debug] [2023-06-30T09:44:10.244Z] >>> [apiv2][body] POST https://upload-firebasehosting.googleapis.com/upload/sites/bistro-boss-restaurant/versions/a0d9fdd1bec6bd33/files/4f983272662bb32979e150504010fed0e70aeb06e6261d1a671aafe39f4f8a79 [stream]
[debug] [2023-06-30T09:44:11.883Z] [uploadQueue] Retrying task 7c7211c4daf4834a757a09093dd9ec5cc261d6db1d48d5da44a88d1c6c5af61f
[debug] [2023-06-30T09:44:11.884Z] >>> [apiv2][query] POST https://upload-firebasehosting.googleapis.com/upload/sites/bistro-boss-restaurant/versions/a0d9fdd1bec6bd33/files/7c7211c4daf4834a757a09093dd9ec5cc261d6db1d48d5da44a88d1c6c5af61f [none]
[debug] [2023-06-30T09:44:11.885Z] >>> [apiv2][body] POST https://upload-firebasehosting.googleapis.com/upload/sites/bistro-boss-restaurant/versions/a0d9fdd1bec6bd33/files/7c7211c4daf4834a757a09093dd9ec5cc261d6db1d48d5da44a88d1c6c5af61f [stream]
[debug] [2023-06-30T09:44:21.885Z] [uploadQueue] Retrying task 1b854f5a472104bc08a2889d503fcdd098eef5b0be6ffaf569e0ffbaea0522be
[debug] [2023-06-30T09:44:21.886Z] >>> [apiv2][query] POST https://upload-firebasehosting.googleapis.com/upload/sites/bistro-boss-restaurant/versions/a0d9fdd1bec6bd33/files/1b854f5a472104bc08a2889d503fcdd098eef5b0be6ffaf569e0ffbaea0522be [none]
[debug] [2023-06-30T09:44:21.887Z] >>> [apiv2][body] POST https://upload-firebasehosting.googleapis.com/upload/sites/bistro-boss-restaurant/versions/a0d9fdd1bec6bd33/files/1b854f5a472104bc08a2889d503fcdd098eef5b0be6ffaf569e0ffbaea0522be [stream]
[debug] [2023-06-30T09:44:37.954Z] [uploadQueue] Retrying task c8e16398e01ec2bca8e672e686526c0e7d86903aa4ea953fcafdf65575748acb
[debug] [2023-06-30T09:44:37.956Z] >>> [apiv2][query] POST https://upload-firebasehosting.googleapis.com/upload/sites/bistro-boss-restaurant/versions/a0d9fdd1bec6bd33/files/c8e16398e01ec2bca8e672e686526c0e7d86903aa4ea953fcafdf65575748acb [none]
[debug] [2023-06-30T09:44:37.957Z] >>> [apiv2][body] POST https://upload-firebasehosting.googleapis.com/upload/sites/bistro-boss-restaurant/versions/a0d9fdd1bec6bd33/files/c8e16398e01ec2bca8e672e686526c0e7d86903aa4ea953fcafdf65575748acb [stream]
[debug] [2023-06-30T09:44:38.144Z] [uploadQueue] Retrying task 1b854f5a472104bc08a2889d503fcdd098eef5b0be6ffaf569e0ffbaea0522be
[debug] [2023-06-30T09:44:38.144Z] >>> [apiv2][query] POST https://upload-firebasehosting.googleapis.com/upload/sites/bistro-boss-restaurant/versions/a0d9fdd1bec6bd33/files/1b854f5a472104bc08a2889d503fcdd098eef5b0be6ffaf569e0ffbaea0522be [none]
[debug] [2023-06-30T09:44:38.145Z] >>> [apiv2][body] POST https://upload-firebasehosting.googleapis.com/upload/sites/bistro-boss-restaurant/versions/a0d9fdd1bec6bd33/files/1b854f5a472104bc08a2889d503fcdd098eef5b0be6ffaf569e0ffbaea0522be [stream]
[debug] [2023-06-30T09:44:43.463Z] [uploadQueue] Retrying task 3b04c99d24efd1b8511368ba57d77392c992b81147cd8c5e595fb29617f830e3
[debug] [2023-06-30T09:44:43.464Z] >>> [apiv2][query] POST https://upload-firebasehosting.googleapis.com/upload/sites/bistro-boss-restaurant/versions/a0d9fdd1bec6bd33/files/3b04c99d24efd1b8511368ba57d77392c992b81147cd8c5e595fb29617f830e3 [none]
[debug] [2023-06-30T09:44:43.469Z] >>> [apiv2][body] POST https://upload-firebasehosting.googleapis.com/upload/sites/bistro-boss-restaurant/versions/a0d9fdd1bec6bd33/files/3b04c99d24efd1b8511368ba57d77392c992b81147cd8c5e595fb29617f830e3 [stream]
[debug] [2023-06-30T09:44:43.473Z] [uploadQueue] Retrying task 4f983272662bb32979e150504010fed0e70aeb06e6261d1a671aafe39f4f8a79
[debug] [2023-06-30T09:44:43.474Z] >>> [apiv2][query] POST https://upload-firebasehosting.googleapis.com/upload/sites/bistro-boss-restaurant/versions/a0d9fdd1bec6bd33/files/4f983272662bb32979e150504010fed0e70aeb06e6261d1a671aafe39f4f8a79 [none]
[debug] [2023-06-30T09:44:43.475Z] >>> [apiv2][body] POST https://upload-firebasehosting.googleapis.com/upload/sites/bistro-boss-restaurant/versions/a0d9fdd1bec6bd33/files/4f983272662bb32979e150504010fed0e70aeb06e6261d1a671aafe39f4f8a79 [stream]
